C:\USERS\TONY\DESKTOP\POLYTECHNIC WORK\CS3224 - INTRO TO OS\MEMORYMANAGEMENT\MEMORYMANAGEMENT\DEBUG\VC110.PDB
C:\USERS\TONY\DESKTOP\POLYTECHNIC WORK\CS3224 - INTRO TO OS\MEMORYMANAGEMENT\MEMORYMANAGEMENT\DEBUG\MAIN.OBJ
C:\USERS\TONY\DESKTOP\POLYTECHNIC WORK\CS3224 - INTRO TO OS\MEMORYMANAGEMENT\DEBUG\MEMORYMANAGEMENT.ILK
C:\USERS\TONY\DESKTOP\POLYTECHNIC WORK\CS3224 - INTRO TO OS\MEMORYMANAGEMENT\DEBUG\MEMORYMANAGEMENT.EXE
C:\USERS\TONY\DESKTOP\POLYTECHNIC WORK\CS3224 - INTRO TO OS\MEMORYMANAGEMENT\DEBUG\MEMORYMANAGEMENT.PDB
C:\Users\Tony\Desktop\Polytechnic Work\CS3224 - Intro to OS\memoryManagement\memoryManagement\Debug\main.obj
C:\Users\Tony\Desktop\Polytechnic Work\CS3224 - Intro to OS\memoryManagement\memoryManagement\Debug\cl.command.1.tlog
C:\Users\Tony\Desktop\Polytechnic Work\CS3224 - Intro to OS\memoryManagement\memoryManagement\Debug\CL.read.1.tlog
C:\Users\Tony\Desktop\Polytechnic Work\CS3224 - Intro to OS\memoryManagement\memoryManagement\Debug\CL.write.1.tlog
C:\Users\Tony\Desktop\Polytechnic Work\CS3224 - Intro to OS\memoryManagement\memoryManagement\Debug\link-cvtres.read.1.tlog
C:\Users\Tony\Desktop\Polytechnic Work\CS3224 - Intro to OS\memoryManagement\memoryManagement\Debug\link-cvtres.write.1.tlog
C:\Users\Tony\Desktop\Polytechnic Work\CS3224 - Intro to OS\memoryManagement\memoryManagement\Debug\link-rc.read.1.tlog
C:\Users\Tony\Desktop\Polytechnic Work\CS3224 - Intro to OS\memoryManagement\memoryManagement\Debug\link-rc.write.1.tlog
C:\Users\Tony\Desktop\Polytechnic Work\CS3224 - Intro to OS\memoryManagement\memoryManagement\Debug\link.2088-cvtres.read.1.tlog
C:\Users\Tony\Desktop\Polytechnic Work\CS3224 - Intro to OS\memoryManagement\memoryManagement\Debug\link.2088-cvtres.write.1.tlog
C:\Users\Tony\Desktop\Polytechnic Work\CS3224 - Intro to OS\memoryManagement\memoryManagement\Debug\link.2088-rc.read.1.tlog
C:\Users\Tony\Desktop\Polytechnic Work\CS3224 - Intro to OS\memoryManagement\memoryManagement\Debug\link.2088-rc.write.1.tlog
C:\Users\Tony\Desktop\Polytechnic Work\CS3224 - Intro to OS\memoryManagement\memoryManagement\Debug\link.2088.read.1.tlog
C:\Users\Tony\Desktop\Polytechnic Work\CS3224 - Intro to OS\memoryManagement\memoryManagement\Debug\link.2088.write.1.tlog
C:\Users\Tony\Desktop\Polytechnic Work\CS3224 - Intro to OS\memoryManagement\memoryManagement\Debug\link.3104-cvtres.read.1.tlog
C:\Users\Tony\Desktop\Polytechnic Work\CS3224 - Intro to OS\memoryManagement\memoryManagement\Debug\link.3104-cvtres.write.1.tlog
C:\Users\Tony\Desktop\Polytechnic Work\CS3224 - Intro to OS\memoryManagement\memoryManagement\Debug\link.3104-rc.read.1.tlog
C:\Users\Tony\Desktop\Polytechnic Work\CS3224 - Intro to OS\memoryManagement\memoryManagement\Debug\link.3104-rc.write.1.tlog
C:\Users\Tony\Desktop\Polytechnic Work\CS3224 - Intro to OS\memoryManagement\memoryManagement\Debug\link.3104.read.1.tlog
C:\Users\Tony\Desktop\Polytechnic Work\CS3224 - Intro to OS\memoryManagement\memoryManagement\Debug\link.3104.write.1.tlog
C:\Users\Tony\Desktop\Polytechnic Work\CS3224 - Intro to OS\memoryManagement\memoryManagement\Debug\link.3176-cvtres.read.1.tlog
C:\Users\Tony\Desktop\Polytechnic Work\CS3224 - Intro to OS\memoryManagement\memoryManagement\Debug\link.3176-cvtres.write.1.tlog
C:\Users\Tony\Desktop\Polytechnic Work\CS3224 - Intro to OS\memoryManagement\memoryManagement\Debug\link.3176-rc.read.1.tlog
C:\Users\Tony\Desktop\Polytechnic Work\CS3224 - Intro to OS\memoryManagement\memoryManagement\Debug\link.3176-rc.write.1.tlog
C:\Users\Tony\Desktop\Polytechnic Work\CS3224 - Intro to OS\memoryManagement\memoryManagement\Debug\link.3176.read.1.tlog
C:\Users\Tony\Desktop\Polytechnic Work\CS3224 - Intro to OS\memoryManagement\memoryManagement\Debug\link.3176.write.1.tlog
C:\Users\Tony\Desktop\Polytechnic Work\CS3224 - Intro to OS\memoryManagement\memoryManagement\Debug\link.3216-cvtres.read.1.tlog
C:\Users\Tony\Desktop\Polytechnic Work\CS3224 - Intro to OS\memoryManagement\memoryManagement\Debug\link.3216-cvtres.write.1.tlog
C:\Users\Tony\Desktop\Polytechnic Work\CS3224 - Intro to OS\memoryManagement\memoryManagement\Debug\link.3216-rc.read.1.tlog
C:\Users\Tony\Desktop\Polytechnic Work\CS3224 - Intro to OS\memoryManagement\memoryManagement\Debug\link.3216-rc.write.1.tlog
C:\Users\Tony\Desktop\Polytechnic Work\CS3224 - Intro to OS\memoryManagement\memoryManagement\Debug\link.3216.read.1.tlog
C:\Users\Tony\Desktop\Polytechnic Work\CS3224 - Intro to OS\memoryManagement\memoryManagement\Debug\link.3216.write.1.tlog
C:\Users\Tony\Desktop\Polytechnic Work\CS3224 - Intro to OS\memoryManagement\memoryManagement\Debug\link.3636-cvtres.read.1.tlog
C:\Users\Tony\Desktop\Polytechnic Work\CS3224 - Intro to OS\memoryManagement\memoryManagement\Debug\link.3636-cvtres.write.1.tlog
C:\Users\Tony\Desktop\Polytechnic Work\CS3224 - Intro to OS\memoryManagement\memoryManagement\Debug\link.3636-rc.read.1.tlog
C:\Users\Tony\Desktop\Polytechnic Work\CS3224 - Intro to OS\memoryManagement\memoryManagement\Debug\link.3636-rc.write.1.tlog
C:\Users\Tony\Desktop\Polytechnic Work\CS3224 - Intro to OS\memoryManagement\memoryManagement\Debug\link.3636.read.1.tlog
C:\Users\Tony\Desktop\Polytechnic Work\CS3224 - Intro to OS\memoryManagement\memoryManagement\Debug\link.3636.write.1.tlog
C:\Users\Tony\Desktop\Polytechnic Work\CS3224 - Intro to OS\memoryManagement\memoryManagement\Debug\link.3912-cvtres.read.1.tlog
C:\Users\Tony\Desktop\Polytechnic Work\CS3224 - Intro to OS\memoryManagement\memoryManagement\Debug\link.3912-cvtres.write.1.tlog
C:\Users\Tony\Desktop\Polytechnic Work\CS3224 - Intro to OS\memoryManagement\memoryManagement\Debug\link.3912-rc.read.1.tlog
C:\Users\Tony\Desktop\Polytechnic Work\CS3224 - Intro to OS\memoryManagement\memoryManagement\Debug\link.3912-rc.write.1.tlog
C:\Users\Tony\Desktop\Polytechnic Work\CS3224 - Intro to OS\memoryManagement\memoryManagement\Debug\link.3912.read.1.tlog
C:\Users\Tony\Desktop\Polytechnic Work\CS3224 - Intro to OS\memoryManagement\memoryManagement\Debug\link.3912.write.1.tlog
C:\Users\Tony\Desktop\Polytechnic Work\CS3224 - Intro to OS\memoryManagement\memoryManagement\Debug\link.912-cvtres.read.1.tlog
C:\Users\Tony\Desktop\Polytechnic Work\CS3224 - Intro to OS\memoryManagement\memoryManagement\Debug\link.912-cvtres.write.1.tlog
C:\Users\Tony\Desktop\Polytechnic Work\CS3224 - Intro to OS\memoryManagement\memoryManagement\Debug\link.912-rc.read.1.tlog
C:\Users\Tony\Desktop\Polytechnic Work\CS3224 - Intro to OS\memoryManagement\memoryManagement\Debug\link.912-rc.write.1.tlog
C:\Users\Tony\Desktop\Polytechnic Work\CS3224 - Intro to OS\memoryManagement\memoryManagement\Debug\link.912.read.1.tlog
C:\Users\Tony\Desktop\Polytechnic Work\CS3224 - Intro to OS\memoryManagement\memoryManagement\Debug\link.912.write.1.tlog
C:\Users\Tony\Desktop\Polytechnic Work\CS3224 - Intro to OS\memoryManagement\memoryManagement\Debug\link.command.1.tlog
C:\Users\Tony\Desktop\Polytechnic Work\CS3224 - Intro to OS\memoryManagement\memoryManagement\Debug\link.read.1.tlog
C:\Users\Tony\Desktop\Polytechnic Work\CS3224 - Intro to OS\memoryManagement\memoryManagement\Debug\link.write.1.tlog
C:\Users\Tony\Desktop\Polytechnic Work\CS3224 - Intro to OS\memoryManagement\memoryManagement\Debug\vc110.idb
C:\Users\Tony\Desktop\Polytechnic Work\CS3224 - Intro to OS\memoryManagement\memoryManagement\Debug\vc110.pdb
C:\Users\Tony\Desktop\Polytechnic Work\CS3224 - Intro to OS\memoryManagement\Debug\memoryManagement.pdb
C:\Users\Tony\Desktop\Polytechnic Work\CS3224 - Intro to OS\memoryManagement\Debug\memoryManagement.exe
C:\Users\Tony\Desktop\Polytechnic Work\CS3224 - Intro to OS\memoryManagement\Debug\memoryManagement.ilk
